{
  "numFailedTestSuites": 0,
  "numFailedTests": 0,
  "numPassedTestSuites": 5,
  "numPassedTests": 5,
  "numPendingTestSuites": 0,
  "numPendingTests": 0,
  "numRuntimeErrorTestSuites": 0,
  "numTodoTests": 0,
  "numTotalTestSuites": 5,
  "numTotalTests": 5,
  "openHandles": [],
  "snapshot": {
    "added": 0,
    "didUpdate": false,
    "failure": false,
    "filesAdded": 0,
    "filesRemoved": 0,
    "filesRemovedList": [],
    "filesUnmatched": 0,
    "filesUpdated": 0,
    "matched": 0,
    "total": 0,
    "unchecked": 0,
    "uncheckedKeysByFile": [],
    "unmatched": 0,
    "updated": 0
  },
  "startTime": 1599702848489,
  "success": true,
  "testResults": [
    {
      "assertionResults": [
        {
          "ancestorTitles": ["ExampleComponent"],
          "failureMessages": [],
          "fullName": "ExampleComponent is truthy",
          "location": null,
          "status": "passed",
          "title": "is truthy"
        }
      ],
      "endTime": 1599702851510,
      "message": "",
      "name": "/Users/alexstrand/Documents/styled-components-resume-generator/build/lib/__test__/test.js",
      "startTime": 1599702849250,
      "status": "passed",
      "summary": ""
    },
    {
      "assertionResults": [
        {
          "ancestorTitles": [],
          "failureMessages": [],
          "fullName": "renders a experience component with job data",
          "location": null,
          "status": "passed",
          "title": "renders a experience component with job data"
        }
      ],
      "endTime": 1599702851880,
      "message": "",
      "name": "/Users/alexstrand/Documents/styled-components-resume-generator/build/lib/__test__/experience.test.js",
      "startTime": 1599702849244,
      "status": "passed",
      "summary": ""
    },
    {
      "assertionResults": [
        {
          "ancestorTitles": [],
          "failureMessages": [],
          "fullName": "renders a header component with the user's name",
          "location": null,
          "status": "passed",
          "title": "renders a header component with the user's name"
        }
      ],
      "endTime": 1599702851976,
      "message": "",
      "name": "/Users/alexstrand/Documents/styled-components-resume-generator/build/lib/__test__/header.test.js",
      "startTime": 1599702849305,
      "status": "passed",
      "summary": ""
    },
    {
      "assertionResults": [
        {
          "ancestorTitles": [],
          "failureMessages": [],
          "fullName": "renders a header component with the user's name",
          "location": null,
          "status": "passed",
          "title": "renders a header component with the user's name"
        }
      ],
      "endTime": 1599702852057,
      "message": "",
      "name": "/Users/alexstrand/Documents/styled-components-resume-generator/src/__test__/header.test.tsx",
      "startTime": 1599702849245,
      "status": "passed",
      "summary": ""
    },
    {
      "assertionResults": [
        {
          "ancestorTitles": [],
          "failureMessages": [],
          "fullName": "renders a experience component with job data",
          "location": null,
          "status": "passed",
          "title": "renders a experience component with job data"
        }
      ],
      "endTime": 1599702852065,
      "message": "",
      "name": "/Users/alexstrand/Documents/styled-components-resume-generator/src/__test__/experience.test.tsx",
      "startTime": 1599702849250,
      "status": "passed",
      "summary": ""
    }
  ],
  "wasInterrupted": false
}
