{
  "numFailedTestSuites": 4,
  "numFailedTests": 0,
  "numPassedTestSuites": 0,
  "numPassedTests": 0,
  "numPendingTestSuites": 0,
  "numPendingTests": 0,
  "numRuntimeErrorTestSuites": 4,
  "numTodoTests": 0,
  "numTotalTestSuites": 4,
  "numTotalTests": 0,
  "openHandles": [],
  "snapshot": {
    "added": 0,
    "didUpdate": false,
    "failure": false,
    "filesAdded": 0,
    "filesRemoved": 0,
    "filesRemovedList": [],
    "filesUnmatched": 0,
    "filesUpdated": 0,
    "matched": 0,
    "total": 0,
    "unchecked": 0,
    "uncheckedKeysByFile": [],
    "unmatched": 0,
    "updated": 0
  },
  "startTime": 1618979946480,
  "success": false,
  "testResults": [
    {
      "assertionResults": [],
      "coverage": {},
      "endTime": 1618979951531,
      "message": "  \u001b[1m● \u001b[22mTest suite failed to run\n\n    SyntaxError: /Users/alexstrand/Documents/projects/styled-resume/.jest/register-context.js: importSource cannot be set when runtime is classic.\n    \u001b[0m\u001b[31m\u001b[1m>\u001b[22m\u001b[39m\u001b[90m 1 |\u001b[39m \u001b[36mimport\u001b[39m registerRequireContextHook \u001b[36mfrom\u001b[39m \u001b[32m'babel-plugin-require-context-hook/register'\u001b[39m\u001b[33m;\u001b[39m\u001b[0m\n    \u001b[0m \u001b[90m   |\u001b[39m \u001b[31m\u001b[1m^\u001b[22m\u001b[39m\u001b[0m\n    \u001b[0m \u001b[90m 2 |\u001b[39m\u001b[0m\n    \u001b[0m \u001b[90m 3 |\u001b[39m registerRequireContextHook()\u001b[33m;\u001b[39m\u001b[0m\n    \u001b[0m \u001b[90m 4 |\u001b[39m\u001b[0m\n\n      \u001b[2mat File.buildCodeFrameError (\u001b[22mnode_modules/@babel/core/lib/transformation/file/file.js\u001b[2m:240:12)\u001b[22m\n      \u001b[2mat NodePath.buildCodeFrameError (\u001b[22mnode_modules/@babel/core/node_modules/@babel/traverse/lib/path/index.js\u001b[2m:138:21)\u001b[22m\n      \u001b[2mat PluginPass.enter (\u001b[22mnode_modules/@babel/plugin-transform-react-jsx/lib/create-plugin.js\u001b[2m:153:28)\u001b[22m\n      \u001b[2mat newFn (\u001b[22mnode_modules/@babel/core/node_modules/@babel/traverse/lib/visitors.js\u001b[2m:175:21)\u001b[22m\n      \u001b[2mat NodePath._call (\u001b[22mnode_modules/@babel/core/node_modules/@babel/traverse/lib/path/context.js\u001b[2m:55:20)\u001b[22m\n      \u001b[2mat NodePath.call (\u001b[22mnode_modules/@babel/core/node_modules/@babel/traverse/lib/path/context.js\u001b[2m:42:17)\u001b[22m\n      \u001b[2mat NodePath.visit (\u001b[22mnode_modules/@babel/core/node_modules/@babel/traverse/lib/path/context.js\u001b[2m:92:31)\u001b[22m\n      \u001b[2mat TraversalContext.visitQueue (\u001b[22mnode_modules/@babel/core/node_modules/@babel/traverse/lib/context.js\u001b[2m:116:16)\u001b[22m\n      \u001b[2mat TraversalContext.visitSingle (\u001b[22mnode_modules/@babel/core/node_modules/@babel/traverse/lib/context.js\u001b[2m:85:19)\u001b[22m\n      \u001b[2mat TraversalContext.visit (\u001b[22mnode_modules/@babel/core/node_modules/@babel/traverse/lib/context.js\u001b[2m:144:19)\u001b[22m\n",
      "name": "/Users/alexstrand/Documents/projects/styled-resume/build/lib/__test__/header.test.js",
      "startTime": 1618979951531,
      "status": "failed",
      "summary": ""
    },
    {
      "assertionResults": [],
      "coverage": {},
      "endTime": 1618979951531,
      "message": "  \u001b[1m● \u001b[22mTest suite failed to run\n\n    SyntaxError: /Users/alexstrand/Documents/projects/styled-resume/.jest/register-context.js: importSource cannot be set when runtime is classic.\n    \u001b[0m\u001b[31m\u001b[1m>\u001b[22m\u001b[39m\u001b[90m 1 |\u001b[39m \u001b[36mimport\u001b[39m registerRequireContextHook \u001b[36mfrom\u001b[39m \u001b[32m'babel-plugin-require-context-hook/register'\u001b[39m\u001b[33m;\u001b[39m\u001b[0m\n    \u001b[0m \u001b[90m   |\u001b[39m \u001b[31m\u001b[1m^\u001b[22m\u001b[39m\u001b[0m\n    \u001b[0m \u001b[90m 2 |\u001b[39m\u001b[0m\n    \u001b[0m \u001b[90m 3 |\u001b[39m registerRequireContextHook()\u001b[33m;\u001b[39m\u001b[0m\n    \u001b[0m \u001b[90m 4 |\u001b[39m\u001b[0m\n\n      \u001b[2mat File.buildCodeFrameError (\u001b[22mnode_modules/@babel/core/lib/transformation/file/file.js\u001b[2m:240:12)\u001b[22m\n      \u001b[2mat NodePath.buildCodeFrameError (\u001b[22mnode_modules/@babel/core/node_modules/@babel/traverse/lib/path/index.js\u001b[2m:138:21)\u001b[22m\n      \u001b[2mat PluginPass.enter (\u001b[22mnode_modules/@babel/plugin-transform-react-jsx/lib/create-plugin.js\u001b[2m:153:28)\u001b[22m\n      \u001b[2mat newFn (\u001b[22mnode_modules/@babel/core/node_modules/@babel/traverse/lib/visitors.js\u001b[2m:175:21)\u001b[22m\n      \u001b[2mat NodePath._call (\u001b[22mnode_modules/@babel/core/node_modules/@babel/traverse/lib/path/context.js\u001b[2m:55:20)\u001b[22m\n      \u001b[2mat NodePath.call (\u001b[22mnode_modules/@babel/core/node_modules/@babel/traverse/lib/path/context.js\u001b[2m:42:17)\u001b[22m\n      \u001b[2mat NodePath.visit (\u001b[22mnode_modules/@babel/core/node_modules/@babel/traverse/lib/path/context.js\u001b[2m:92:31)\u001b[22m\n      \u001b[2mat TraversalContext.visitQueue (\u001b[22mnode_modules/@babel/core/node_modules/@babel/traverse/lib/context.js\u001b[2m:116:16)\u001b[22m\n      \u001b[2mat TraversalContext.visitSingle (\u001b[22mnode_modules/@babel/core/node_modules/@babel/traverse/lib/context.js\u001b[2m:85:19)\u001b[22m\n      \u001b[2mat TraversalContext.visit (\u001b[22mnode_modules/@babel/core/node_modules/@babel/traverse/lib/context.js\u001b[2m:144:19)\u001b[22m\n",
      "name": "/Users/alexstrand/Documents/projects/styled-resume/build/lib/__test__/experience.test.js",
      "startTime": 1618979951531,
      "status": "failed",
      "summary": ""
    },
    {
      "assertionResults": [],
      "coverage": {},
      "endTime": 1618979951531,
      "message": "  \u001b[1m● \u001b[22mTest suite failed to run\n\n    SyntaxError: /Users/alexstrand/Documents/projects/styled-resume/.jest/register-context.js: importSource cannot be set when runtime is classic.\n    \u001b[0m\u001b[31m\u001b[1m>\u001b[22m\u001b[39m\u001b[90m 1 |\u001b[39m \u001b[36mimport\u001b[39m registerRequireContextHook \u001b[36mfrom\u001b[39m \u001b[32m'babel-plugin-require-context-hook/register'\u001b[39m\u001b[33m;\u001b[39m\u001b[0m\n    \u001b[0m \u001b[90m   |\u001b[39m \u001b[31m\u001b[1m^\u001b[22m\u001b[39m\u001b[0m\n    \u001b[0m \u001b[90m 2 |\u001b[39m\u001b[0m\n    \u001b[0m \u001b[90m 3 |\u001b[39m registerRequireContextHook()\u001b[33m;\u001b[39m\u001b[0m\n    \u001b[0m \u001b[90m 4 |\u001b[39m\u001b[0m\n\n      \u001b[2mat File.buildCodeFrameError (\u001b[22mnode_modules/@babel/core/lib/transformation/file/file.js\u001b[2m:240:12)\u001b[22m\n      \u001b[2mat NodePath.buildCodeFrameError (\u001b[22mnode_modules/@babel/core/node_modules/@babel/traverse/lib/path/index.js\u001b[2m:138:21)\u001b[22m\n      \u001b[2mat PluginPass.enter (\u001b[22mnode_modules/@babel/plugin-transform-react-jsx/lib/create-plugin.js\u001b[2m:153:28)\u001b[22m\n      \u001b[2mat newFn (\u001b[22mnode_modules/@babel/core/node_modules/@babel/traverse/lib/visitors.js\u001b[2m:175:21)\u001b[22m\n      \u001b[2mat NodePath._call (\u001b[22mnode_modules/@babel/core/node_modules/@babel/traverse/lib/path/context.js\u001b[2m:55:20)\u001b[22m\n      \u001b[2mat NodePath.call (\u001b[22mnode_modules/@babel/core/node_modules/@babel/traverse/lib/path/context.js\u001b[2m:42:17)\u001b[22m\n      \u001b[2mat NodePath.visit (\u001b[22mnode_modules/@babel/core/node_modules/@babel/traverse/lib/path/context.js\u001b[2m:92:31)\u001b[22m\n      \u001b[2mat TraversalContext.visitQueue (\u001b[22mnode_modules/@babel/core/node_modules/@babel/traverse/lib/context.js\u001b[2m:116:16)\u001b[22m\n      \u001b[2mat TraversalContext.visitSingle (\u001b[22mnode_modules/@babel/core/node_modules/@babel/traverse/lib/context.js\u001b[2m:85:19)\u001b[22m\n      \u001b[2mat TraversalContext.visit (\u001b[22mnode_modules/@babel/core/node_modules/@babel/traverse/lib/context.js\u001b[2m:144:19)\u001b[22m\n",
      "name": "/Users/alexstrand/Documents/projects/styled-resume/src/__test__/header.test.tsx",
      "startTime": 1618979951531,
      "status": "failed",
      "summary": ""
    },
    {
      "assertionResults": [],
      "coverage": {},
      "endTime": 1618979951531,
      "message": "  \u001b[1m● \u001b[22mTest suite failed to run\n\n    SyntaxError: /Users/alexstrand/Documents/projects/styled-resume/.jest/register-context.js: importSource cannot be set when runtime is classic.\n    \u001b[0m\u001b[31m\u001b[1m>\u001b[22m\u001b[39m\u001b[90m 1 |\u001b[39m \u001b[36mimport\u001b[39m registerRequireContextHook \u001b[36mfrom\u001b[39m \u001b[32m'babel-plugin-require-context-hook/register'\u001b[39m\u001b[33m;\u001b[39m\u001b[0m\n    \u001b[0m \u001b[90m   |\u001b[39m \u001b[31m\u001b[1m^\u001b[22m\u001b[39m\u001b[0m\n    \u001b[0m \u001b[90m 2 |\u001b[39m\u001b[0m\n    \u001b[0m \u001b[90m 3 |\u001b[39m registerRequireContextHook()\u001b[33m;\u001b[39m\u001b[0m\n    \u001b[0m \u001b[90m 4 |\u001b[39m\u001b[0m\n\n      \u001b[2mat File.buildCodeFrameError (\u001b[22mnode_modules/@babel/core/lib/transformation/file/file.js\u001b[2m:240:12)\u001b[22m\n      \u001b[2mat NodePath.buildCodeFrameError (\u001b[22mnode_modules/@babel/core/node_modules/@babel/traverse/lib/path/index.js\u001b[2m:138:21)\u001b[22m\n      \u001b[2mat PluginPass.enter (\u001b[22mnode_modules/@babel/plugin-transform-react-jsx/lib/create-plugin.js\u001b[2m:153:28)\u001b[22m\n      \u001b[2mat newFn (\u001b[22mnode_modules/@babel/core/node_modules/@babel/traverse/lib/visitors.js\u001b[2m:175:21)\u001b[22m\n      \u001b[2mat NodePath._call (\u001b[22mnode_modules/@babel/core/node_modules/@babel/traverse/lib/path/context.js\u001b[2m:55:20)\u001b[22m\n      \u001b[2mat NodePath.call (\u001b[22mnode_modules/@babel/core/node_modules/@babel/traverse/lib/path/context.js\u001b[2m:42:17)\u001b[22m\n      \u001b[2mat NodePath.visit (\u001b[22mnode_modules/@babel/core/node_modules/@babel/traverse/lib/path/context.js\u001b[2m:92:31)\u001b[22m\n      \u001b[2mat TraversalContext.visitQueue (\u001b[22mnode_modules/@babel/core/node_modules/@babel/traverse/lib/context.js\u001b[2m:116:16)\u001b[22m\n      \u001b[2mat TraversalContext.visitSingle (\u001b[22mnode_modules/@babel/core/node_modules/@babel/traverse/lib/context.js\u001b[2m:85:19)\u001b[22m\n      \u001b[2mat TraversalContext.visit (\u001b[22mnode_modules/@babel/core/node_modules/@babel/traverse/lib/context.js\u001b[2m:144:19)\u001b[22m\n",
      "name": "/Users/alexstrand/Documents/projects/styled-resume/src/__test__/experience.test.tsx",
      "startTime": 1618979951531,
      "status": "failed",
      "summary": ""
    }
  ],
  "wasInterrupted": false
}
